<?xml version="1.0" encoding="UTF-8"?>
<testsuite name="org.launchcode.trailerqueen.TrailerQueenApplicationTests" tests="1" skipped="0" failures="0" errors="0" timestamp="2019-12-19T15:55:57" hostname="Jessicas-Air.home" time="0.209">
  <properties/>
  <testcase name="contextLoads()" classname="org.launchcode.trailerqueen.TrailerQueenApplicationTests" time="0.209"/>
  <system-out><![CDATA[10:55:50.667 [Test worker] DEBUG org.springframework.test.context.BootstrapUtils - Instantiating CacheAwareContextLoaderDelegate from class [org.springframework.test.context.cache.DefaultCacheAwareContextLoaderDelegate]
10:55:50.699 [Test worker] DEBUG org.springframework.test.context.BootstrapUtils - Instantiating BootstrapContext using constructor [public org.springframework.test.context.support.DefaultBootstrapContext(java.lang.Class,org.springframework.test.context.CacheAwareContextLoaderDelegate)]
10:55:50.749 [Test worker] DEBUG org.springframework.test.context.BootstrapUtils - Instantiating TestContextBootstrapper for test class [org.launchcode.trailerqueen.TrailerQueenApplicationTests] from class [org.springframework.boot.test.context.SpringBootTestContextBootstrapper]
10:55:50.772 [Test worker] INFO org.springframework.boot.test.context.SpringBootTestContextBootstrapper - Neither @ContextConfiguration nor @ContextHierarchy found for test class [org.launchcode.trailerqueen.TrailerQueenApplicationTests], using SpringBootContextLoader
10:55:50.777 [Test worker] DEBUG org.springframework.test.context.support.AbstractContextLoader - Did not detect default resource location for test class [org.launchcode.trailerqueen.TrailerQueenApplicationTests]: class path resource [org/launchcode/trailerqueen/TrailerQueenApplicationTests-context.xml] does not exist
10:55:50.779 [Test worker] DEBUG org.springframework.test.context.support.AbstractContextLoader - Did not detect default resource location for test class [org.launchcode.trailerqueen.TrailerQueenApplicationTests]: class path resource [org/launchcode/trailerqueen/TrailerQueenApplicationTestsContext.groovy] does not exist
10:55:50.779 [Test worker] INFO org.springframework.test.context.support.AbstractContextLoader - Could not detect default resource locations for test class [org.launchcode.trailerqueen.TrailerQueenApplicationTests]: no resource found for suffixes {-context.xml, Context.groovy}.
10:55:50.780 [Test worker] INFO org.springframework.test.context.support.AnnotationConfigContextLoaderUtils - Could not detect default configuration classes for test class [org.launchcode.trailerqueen.TrailerQueenApplicationTests]: TrailerQueenApplicationTests does not declare any static, non-private, non-final, nested classes annotated with @Configuration.
10:55:50.836 [Test worker] DEBUG org.springframework.test.context.support.ActiveProfilesUtils - Could not find an 'annotation declaring class' for annotation type [org.springframework.test.context.ActiveProfiles] and class [org.launchcode.trailerqueen.TrailerQueenApplicationTests]
10:55:50.947 [Test worker] DEBUG org.springframework.context.annotation.ClassPathScanningCandidateComponentProvider - Identified candidate component class: file [/Users/jessicahoward/Documents/myThings/codecamp/trailer-queen/trailer-queen/build/classes/java/main/org/launchcode/trailerqueen/TrailerQueenApplication.class]
10:55:50.951 [Test worker] INFO org.springframework.boot.test.context.SpringBootTestContextBootstrapper - Found @SpringBootConfiguration org.launchcode.trailerqueen.TrailerQueenApplication for test class org.launchcode.trailerqueen.TrailerQueenApplicationTests
10:55:51.080 [Test worker] DEBUG org.springframework.boot.test.context.SpringBootTestContextBootstrapper - @TestExecutionListeners is not present for class [org.launchcode.trailerqueen.TrailerQueenApplicationTests]: using defaults.
10:55:51.081 [Test worker] INFO org.springframework.boot.test.context.SpringBootTestContextBootstrapper - Loaded default TestExecutionListener class names from location [META-INF/spring.factories]: [org.springframework.security.test.context.support.WithSecurityContextTestExecutionListener, org.springframework.security.test.context.support.ReactorContextTestExecutionListener, org.springframework.boot.test.autoconfigure.restdocs.RestDocsTestExecutionListener, org.springframework.boot.test.autoconfigure.web.client.MockRestServiceServerResetTestExecutionListener, org.springframework.boot.test.autoconfigure.web.servlet.MockMvcPrintOnlyOnFailureTestExecutionListener, org.springframework.boot.test.autoconfigure.web.servlet.WebDriverTestExecutionListener, org.springframework.boot.test.mock.mockito.MockitoTestExecutionListener, org.springframework.boot.test.mock.mockito.ResetMocksTestExecutionListener, org.springframework.test.context.web.ServletTestExecutionListener, org.springframework.test.context.support.DirtiesContextBeforeModesTestExecutionListener, org.springframework.test.context.support.DependencyInjectionTestExecutionListener, org.springframework.test.context.support.DirtiesContextTestExecutionListener, org.springframework.test.context.transaction.TransactionalTestExecutionListener, org.springframework.test.context.jdbc.SqlScriptsTestExecutionListener, org.springframework.test.context.event.EventPublishingTestExecutionListener]
10:55:51.112 [Test worker] INFO org.springframework.boot.test.context.SpringBootTestContextBootstrapper - Using TestExecutionListeners: [org.springframework.test.context.web.ServletTestExecutionListener@4873d56e, org.springframework.test.context.support.DirtiesContextBeforeModesTestExecutionListener@653e059d, org.springframework.boot.test.mock.mockito.MockitoTestExecutionListener@31de529c, org.springframework.boot.test.autoconfigure.SpringBootDependencyInjectionTestExecutionListener@330ecad4, org.springframework.test.context.support.DirtiesContextTestExecutionListener@6580a17e, org.springframework.test.context.transaction.TransactionalTestExecutionListener@700742be, org.springframework.test.context.jdbc.SqlScriptsTestExecutionListener@338eb490, org.springframework.security.test.context.support.WithSecurityContextTestExecutionListener@7613905f, org.springframework.test.context.event.EventPublishingTestExecutionListener@167844b2, org.springframework.security.test.context.support.ReactorContextTestExecutionListener@5c20f671, org.springframework.boot.test.autoconfigure.restdocs.RestDocsTestExecutionListener@1accf351, org.springframework.boot.test.autoconfigure.web.client.MockRestServiceServerResetTestExecutionListener@70b7093f, org.springframework.boot.test.autoconfigure.web.servlet.MockMvcPrintOnlyOnFailureTestExecutionListener@24be9e4f, org.springframework.boot.test.autoconfigure.web.servlet.WebDriverTestExecutionListener@7ff667d7, org.springframework.boot.test.mock.mockito.ResetMocksTestExecutionListener@2dd4503]
10:55:51.117 [Test worker] DEBUG org.springframework.test.context.support.AbstractDirtiesContextTestExecutionListener - Before test class: context [DefaultTestContext@523d81ac testClass = TrailerQueenApplicationTests, testInstance = [null], testMethod = [null], testException = [null], mergedContextConfiguration = [WebMergedContextConfiguration@586c90dc testClass = TrailerQueenApplicationTests, locations = '{}', classes = '{class org.launchcode.trailerqueen.TrailerQueenApplication}', contextInitializerClasses = '[]', activeProfiles = '{}', propertySourceLocations = '{}', propertySourceProperties = '{org.springframework.boot.test.context.SpringBootTestContextBootstrapper=true}', contextCustomizers = set[org.springframework.boot.test.autoconfigure.properties.PropertyMappingContextCustomizer@0, org.springframework.boot.test.autoconfigure.web.servlet.WebDriverContextCustomizerFactory$Customizer@54923237, org.springframework.boot.test.context.filter.ExcludeFilterContextCustomizer@349e220a, org.springframework.boot.test.json.DuplicateJsonObjectContextCustomizerFactory$DuplicateJsonObjectContextCustomizer@24927524, org.springframework.boot.test.mock.mockito.MockitoContextCustomizer@0, org.springframework.boot.test.web.client.TestRestTemplateContextCustomizer@54695f23], resourceBasePath = 'src/main/webapp', contextLoader = 'org.springframework.boot.test.context.SpringBootContextLoader', parent = [null]], attributes = map['org.springframework.test.context.web.ServletTestExecutionListener.activateListener' -> true]], class annotated with @DirtiesContext [false] with mode [null].
10:55:51.155 [Test worker] DEBUG org.springframework.test.context.support.TestPropertySourceUtils - Adding inlined properties to environment: {spring.jmx.enabled=false, org.springframework.boot.test.context.SpringBootTestContextBootstrapper=true, server.port=-1}

  .   ____          _            __ _ _
 /\\ / ___'_ __ _ _(_)_ __  __ _ \ \ \ \
( ( )\___ | '_ | '_| | '_ \/ _` | \ \ \ \
 \\/  ___)| |_)| | | | | || (_| |  ) ) ) )
  '  |____| .__|_| |_|_| |_\__, | / / / /
 =========|_|==============|___/=/_/_/_/
 :: Spring Boot ::        (v2.2.1.RELEASE)

2019-12-19 10:55:51.632  WARN 80462 --- [    Test worker] ory$DuplicateJsonObjectContextCustomizer : 

Found multiple occurrences of org.json.JSONObject on the class path:

	jar:file:/Users/jessicahoward/.gradle/caches/modules-2/files-2.1/org.json/json/20140107/d1ffca6e2482b002702c6a576166fd685e3370e3/json-20140107.jar!/org/json/JSONObject.class
	jar:file:/Users/jessicahoward/.gradle/caches/modules-2/files-2.1/com.vaadin.external.google/android-json/0.0.20131108.vaadin1/fa26d351fe62a6a17f5cda1287c1c6110dec413f/android-json-0.0.20131108.vaadin1.jar!/org/json/JSONObject.class

You may wish to exclude one of them to ensure predictable runtime behavior

2019-12-19 10:55:51.658  INFO 80462 --- [    Test worker] o.l.t.TrailerQueenApplicationTests       : Starting TrailerQueenApplicationTests on Jessicas-Air.home with PID 80462 (started by jessicahoward in /Users/jessicahoward/Documents/myThings/codecamp/trailer-queen/trailer-queen)
2019-12-19 10:55:51.660  INFO 80462 --- [    Test worker] o.l.t.TrailerQueenApplicationTests       : No active profile set, falling back to default profiles: default
2019-12-19 10:55:52.918  INFO 80462 --- [    Test worker] .s.d.r.c.RepositoryConfigurationDelegate : Bootstrapping Spring Data repositories in DEFAULT mode.
2019-12-19 10:55:53.024  INFO 80462 --- [    Test worker] .s.d.r.c.RepositoryConfigurationDelegate : Finished Spring Data repository scanning in 94ms. Found 3 repository interfaces.
2019-12-19 10:55:53.714  INFO 80462 --- [    Test worker] trationDelegate$BeanPostProcessorChecker : Bean 'org.springframework.transaction.annotation.ProxyTransactionManagementConfiguration' of type [org.springframework.transaction.annotation.ProxyTransactionManagementConfiguration] is not eligible for getting processed by all BeanPostProcessors (for example: not eligible for auto-proxying)
2019-12-19 10:55:53.988  INFO 80462 --- [    Test worker] com.zaxxer.hikari.HikariDataSource       : HikariPool-1 - Starting...
2019-12-19 10:55:54.256  INFO 80462 --- [    Test worker] com.zaxxer.hikari.HikariDataSource       : HikariPool-1 - Start completed.
2019-12-19 10:55:54.339  INFO 80462 --- [    Test worker] o.hibernate.jpa.internal.util.LogHelper  : HHH000204: Processing PersistenceUnitInfo [name: default]
2019-12-19 10:55:54.479  INFO 80462 --- [    Test worker] org.hibernate.Version                    : HHH000412: Hibernate Core {5.4.8.Final}
2019-12-19 10:55:54.670  INFO 80462 --- [    Test worker] o.hibernate.annotations.common.Version   : HCANN000001: Hibernate Commons Annotations {5.1.0.Final}
2019-12-19 10:55:54.852  INFO 80462 --- [    Test worker] org.hibernate.dialect.Dialect            : HHH000400: Using dialect: org.hibernate.dialect.MySQL57Dialect
2019-12-19 10:55:55.866  INFO 80462 --- [    Test worker] o.h.e.t.j.p.i.JtaPlatformInitiator       : HHH000490: Using JtaPlatform implementation: [org.hibernate.engine.transaction.jta.platform.internal.NoJtaPlatform]
2019-12-19 10:55:55.875  INFO 80462 --- [    Test worker] j.LocalContainerEntityManagerFactoryBean : Initialized JPA EntityManagerFactory for persistence unit 'default'
2019-12-19 10:55:55.960  WARN 80462 --- [    Test worker] JpaBaseConfiguration$JpaWebConfiguration : spring.jpa.open-in-view is enabled by default. Therefore, database queries may be performed during view rendering. Explicitly configure spring.jpa.open-in-view to disable this warning
2019-12-19 10:55:56.741  INFO 80462 --- [    Test worker] o.s.s.web.DefaultSecurityFilterChain     : Creating filter chain: Ant [pattern='/resources/**'], []
2019-12-19 10:55:56.741  INFO 80462 --- [    Test worker] o.s.s.web.DefaultSecurityFilterChain     : Creating filter chain: Ant [pattern='/static/**'], []
2019-12-19 10:55:56.742  INFO 80462 --- [    Test worker] o.s.s.web.DefaultSecurityFilterChain     : Creating filter chain: Ant [pattern='/css/**'], []
2019-12-19 10:55:56.742  INFO 80462 --- [    Test worker] o.s.s.web.DefaultSecurityFilterChain     : Creating filter chain: Ant [pattern='/js/**'], []
2019-12-19 10:55:56.742  INFO 80462 --- [    Test worker] o.s.s.web.DefaultSecurityFilterChain     : Creating filter chain: Ant [pattern='/images/**'], []
2019-12-19 10:55:56.867  INFO 80462 --- [    Test worker] o.s.s.web.DefaultSecurityFilterChain     : Creating filter chain: any request, [org.springframework.security.web.context.request.async.WebAsyncManagerIntegrationFilter@784a7173, org.springframework.security.web.context.SecurityContextPersistenceFilter@6e82f42d, org.springframework.security.web.header.HeaderWriterFilter@50c5b55c, org.springframework.security.web.authentication.logout.LogoutFilter@3b20111d, org.springframework.security.web.authentication.UsernamePasswordAuthenticationFilter@6b79d82d, org.springframework.security.web.savedrequest.RequestCacheAwareFilter@60b877ca, org.springframework.security.web.servletapi.SecurityContextHolderAwareRequestFilter@78ee1e0a, org.springframework.security.web.authentication.AnonymousAuthenticationFilter@2ce58d83, org.springframework.security.web.session.SessionManagementFilter@276e28e3, org.springframework.security.web.access.ExceptionTranslationFilter@1f16980e, org.springframework.security.web.access.intercept.FilterSecurityInterceptor@3d2f0590]
2019-12-19 10:55:57.369  INFO 80462 --- [    Test worker] o.s.s.concurrent.ThreadPoolTaskExecutor  : Initializing ExecutorService 'applicationTaskExecutor'
2019-12-19 10:55:57.951  INFO 80462 --- [    Test worker] o.l.t.TrailerQueenApplicationTests       : Started TrailerQueenApplicationTests in 6.781 seconds (JVM running for 8.514)
]]></system-out>
  <system-err><![CDATA[]]></system-err>
</testsuite>
